main 2011-05-01 10:56:22  INFO ~ play.Logger:info Starting /Users/felipera/development/playframework-elasticsearch
main 2011-05-01 10:56:22  INFO ~ play.Logger:info Module crud is available (/Users/felipera/Downloads/play-1.2/modules/crud)
main 2011-05-01 10:56:22  INFO ~ play.Logger:info Module rabbitmq is available (/Users/felipera/development/playframework-elasticsearch/modules/rabbitmq-0.0.2)
main 2011-05-01 10:56:22  INFO ~ play.Logger:info Module resteasy is available (/Users/felipera/Downloads/play-1.2/modules/resteasy-1.3.1)
main 2011-05-01 10:56:23  WARN ~ play.Logger:warn You're running Play! in DEV mode
main 2011-05-01 10:56:23  INFO ~ play.Logger:info Listening for HTTP on port 9000 (Waiting a first request to start) ...
main 2011-05-01 10:58:15  INFO ~ play.Logger:info Starting /Users/felipera/development/playframework-elasticsearch
main 2011-05-01 10:58:15  INFO ~ play.Logger:info Module crud is available (/Users/felipera/Downloads/play-1.2/modules/crud)
main 2011-05-01 10:58:15  INFO ~ play.Logger:info Module rabbitmq is available (/Users/felipera/development/playframework-elasticsearch/modules/rabbitmq-0.0.2)
main 2011-05-01 10:58:15  INFO ~ play.Logger:info Module resteasy is available (/Users/felipera/Downloads/play-1.2/modules/resteasy-1.3.1)
main 2011-05-01 10:58:15  WARN ~ play.Logger:warn You're running Play! in DEV mode
main 2011-05-01 10:58:16  INFO ~ play.Logger:info Listening for HTTP on port 9000 (Waiting a first request to start) ...
main 2011-05-01 10:59:04  INFO ~ play.Logger:info Starting /Users/felipera/development/playframework-elasticsearch
main 2011-05-01 10:59:04  INFO ~ play.Logger:info Module crud is available (/Users/felipera/Downloads/play-1.2/modules/crud)
main 2011-05-01 10:59:04  INFO ~ play.Logger:info Module rabbitmq is available (/Users/felipera/development/playframework-elasticsearch/modules/rabbitmq-0.0.2)
main 2011-05-01 10:59:04  INFO ~ play.Logger:info Module resteasy is available (/Users/felipera/Downloads/play-1.2/modules/resteasy-1.3.1)
main 2011-05-01 10:59:04  WARN ~ play.Logger:warn You're running Play! in DEV mode
main 2011-05-01 10:59:05  INFO ~ play.Logger:info Listening for HTTP on port 9000 (Waiting a first request to start) ...
play-thread-1 2011-05-01 10:59:20  WARN ~ play.Logger:warn The path for a staticDir route must end with / (GET /public -> staticDir:public)
play-thread-1 2011-05-01 10:59:20  WARN ~ play.Logger:warn The path for a staticDir route must end with / (GET /elasticsearch_public -> staticDir:elasticsearch_public)
play-thread-1 2011-05-01 10:59:21  INFO ~ play.Logger:info RESTEasy plugin: Configuration read
play-thread-1 2011-05-01 10:59:22  INFO ~ play.Logger:info RESTEasy plugin: Starting RESTEasy
play-thread-1 2011-05-01 10:59:22  INFO ~ play.Logger:info RESTEasy plugin: RESTEasy started
play-thread-1 2011-05-01 10:59:23  INFO ~ play.Logger:info Connected to jdbc:h2:mem:play;MODE=MYSQL
play-thread-1 2011-05-01 10:59:24  INFO ~ play.Logger:info Application 'elasticsearch' is now started !
play-thread-1 2011-05-01 10:59:24 ERROR ~ play.Logger:niceThrowable 

@66a1gkkjg
Module.index action not found

Action not found
Action Module.index could not be found. Error raised is Controller controllers.Module not found

play.exceptions.ActionNotFoundException: Action Module.index not found
	at play.mvc.ActionInvoker.getActionMethod(ActionInvoker.java:582)
	at play.mvc.ActionInvoker.resolve(ActionInvoker.java:84)
	at Invocation.HTTP Request(Play!)
Caused by: java.lang.Exception: Controller controllers.Module not found
	... 3 more
main 2011-05-01 11:00:49  INFO ~ play.Logger:info Starting /Users/felipera/development/playframework-elasticsearch
main 2011-05-01 11:00:49  INFO ~ play.Logger:info Module crud is available (/Users/felipera/Downloads/play-1.2/modules/crud)
main 2011-05-01 11:00:49  INFO ~ play.Logger:info Module rabbitmq is available (/Users/felipera/development/playframework-elasticsearch/modules/rabbitmq-0.0.2)
main 2011-05-01 11:00:49  INFO ~ play.Logger:info Module resteasy is available (/Users/felipera/Downloads/play-1.2/modules/resteasy-1.3.1)
main 2011-05-01 11:00:50 ERROR ~ play.Logger:niceThrowable 

@66a1gpgp3
Cannot load file:/Users/felipera/development/playframework-elasticsearch/conf/play.plugins

Compilation error (In /app/play/modules/elasticsearch/ElasticSearchPlugin.java around line 40)
The file /app/play/modules/elasticsearch/ElasticSearchPlugin.java could not be compiled. Error raised is : The import play.modules.elasticsearch.adapter.ElasticSearchAdapter cannot be resolved

play.exceptions.CompilationException: The import play.modules.elasticsearch.adapter.ElasticSearchAdapter cannot be resolved
	at play.classloading.ApplicationCompiler$2.acceptResult(ApplicationCompiler.java:246)
	at org.eclipse.jdt.internal.compiler.Compiler.handleInternalException(Compiler.java:672)
	at org.eclipse.jdt.internal.compiler.Compiler.compile(Compiler.java:516)
	at play.classloading.ApplicationCompiler.compile(ApplicationCompiler.java:278)
	at play.classloading.ApplicationClasses$ApplicationClass.compile(ApplicationClasses.java:249)
	at play.classloading.ApplicationClassloader.loadApplicationClass(ApplicationClassloader.java:150)
	at play.classloading.ApplicationClassloader.loadClass(ApplicationClassloader.java:84)
	at java.lang.ClassLoader.loadClass(ClassLoader.java:248)
	at play.plugins.PluginCollection.loadPlugins(PluginCollection.java:100)
	at play.Play.init(Play.java:293)
	at play.server.Server.main(Server.java:141)
main 2011-05-01 11:00:50  WARN ~ play.Logger:warn You're running Play! in DEV mode
main 2011-05-01 11:00:50  INFO ~ play.Logger:info Listening for HTTP on port 9000 (Waiting a first request to start) ...
play-thread-1 2011-05-01 11:01:00  WARN ~ play.Logger:warn The path for a staticDir route must end with / (GET /public -> staticDir:public)
play-thread-1 2011-05-01 11:01:00  WARN ~ play.Logger:warn The path for a staticDir route must end with / (GET /elasticsearch_public -> staticDir:elasticsearch_public)
play-thread-1 2011-05-01 11:01:00  INFO ~ play.Logger:info RESTEasy plugin: Configuration read
play-thread-1 2011-05-01 11:01:01  INFO ~ play.Logger:info RESTEasy plugin: Starting RESTEasy
play-thread-1 2011-05-01 11:01:01  INFO ~ play.Logger:info RESTEasy plugin: RESTEasy started
play-thread-1 2011-05-01 11:01:02  INFO ~ play.Logger:info Connected to jdbc:h2:mem:play;MODE=MYSQL
play-thread-1 2011-05-01 11:01:03  INFO ~ play.Logger:info Application 'elasticsearch' is now started !
